
> soccer-diagnosis@0.1.0 build
> next build

⚠ Warning: Next.js inferred your workspace root, but it may not be correct.
 We detected multiple lockfiles and selected the directory of /Users/yatabeshinnosuke/package-lock.json as the root directory.
 To silence this warning, set `turbopack.root` in your Next.js config, or consider removing one of the lockfiles if it's not needed.
   See https://nextjs.org/docs/app/api-reference/config/next-config-js/turbopack#root-directory for more information.
 Detected additional lockfiles: 
   * /Users/yatabeshinnosuke/soccer-diagnosis/package-lock.json

▲ Next.js 16.2.0 (Turbopack)
- Environments: .env.local

  Creating an optimized production build ...
✓ Compiled successfully in 2.4s
  Skipping validation of types
  Finished TypeScript config validation in 7ms ...
  Collecting page data using 15 workers ...
⚠ Using edge runtime on a page currently disables static generation for that page
  Generating static pages using 15 workers (0/12) ...
  Generating static pages using 15 workers (3/12) 
⚠ metadataBase property in metadata export is not set for resolving social open graph or twitter images, using "http://localhost:3000". See https://nextjs.org/docs/app/api-reference/functions/generate-metadata#metadatabase
  Generating static pages using 15 workers (6/12) 
  Generating static pages using 15 workers (9/12) 
✓ Generating static pages using 15 workers (12/12) in 548ms
  Finalizing page optimization ...

Route (app)
┌ ○ /
├ ○ /_not-found
├ ○ /admin
├ ○ /admin/results
├ ○ /admin/users
├ ƒ /api/contact-diagnosis
├ ƒ /api/diagnosis
├ ƒ /api/line/webhook
├ ƒ /api/og
├ ƒ /api/share-text
├ ○ /diagnosis
└ ƒ /diagnosis/result/[id]


○  (Static)   prerendered as static content
ƒ  (Dynamic)  server-rendered on demand

